# JRE version: OpenJDK Runtime Environment (21.0.5) (build 21.0.5+-13047016-b750.29)
# Java VM: OpenJDK 64-Bit Server VM (21.0.5+-13047016-b750.29, mixed mode, tiered, compressed oops, compressed class ptrs, g1 gc, windows-amd64)
GC Precious Log:
 CardTable entry size: 512
 Card Set container configuration: InlinePtr #cards 5 size 8 Array Of Cards #cards 12 size 40 Howl #buckets 4 coarsen threshold 1843 Howl Bitmap #cards 512 size 80 coarsen threshold 460 Card regions per heap region 1 cards per card region 2048
 CPUs: 8 total, 8 available
 Memory: 7914M
 Large Page Support: Disabled
 NUMA Support: Disabled
 Compressed Oops: Enabled (32-bit)
 Heap Region Size: 1M
 Heap Min Capacity: 8M
 Heap Initial Capacity: 124M
 Heap Max Capacity: 2G
 Pre-touch: Disabled
 Parallel Workers: 8
 Concurrent Workers: 2
 Concurrent Refinement Workers: 8
 Periodic GC: Disabled
Heap:
 garbage-first heap   total 552960K, used 379394K [0x0000000080000000, 0x0000000100000000)
  region size 1024K, 5 young (5120K), 5 survivors (5120K)
 Metaspace       used 266937K, committed 268992K, reserved 1310720K
  class space    used 33559K, committed 34560K, reserved 1048576K
GC Heap History (20 events):
Event: 3766.984 GC heap after
{Heap after GC invocations=84 (full 0):
 garbage-first heap   total 526336K, used 308424K [0x0000000080000000, 0x0000000100000000)
  region size 1024K, 4 young (4096K), 4 survivors (4096K)
 Metaspace       used 244235K, committed 247552K, reserved 1310720K
  class space    used 31235K, committed 32896K, reserved 1048576K
}
Event: 3772.968 GC heap before
{Heap before GC invocations=84 (full 0):
 garbage-first heap   total 526336K, used 500936K [0x0000000080000000, 0x0000000100000000)
  region size 1024K, 169 young (173056K), 4 survivors (4096K)
 Metaspace       used 244835K, committed 248192K, reserved 1310720K
  class space    used 31319K, committed 33024K, reserved 1048576K
}
Event: 3773.270 GC heap after
{Heap after GC invocations=85 (full 0):
 garbage-first heap   total 552960K, used 326037K [0x0000000080000000, 0x0000000100000000)
  region size 1024K, 22 young (22528K), 22 survivors (22528K)
 Metaspace       used 244835K, committed 248192K, reserved 1310720K
  class space    used 31319K, committed 33024K, reserved 1048576K
}
Event: 3775.915 GC heap before
{Heap before GC invocations=85 (full 0):
 garbage-first heap   total 552960K, used 361877K [0x0000000080000000, 0x0000000100000000)
  region size 1024K, 58 young (59392K), 22 survivors (22528K)
 Metaspace       used 245074K, committed 248448K, reserved 1310720K
  class space    used 31340K, committed 33024K, reserved 1048576K
}
Event: 3775.956 GC heap after
{Heap after GC invocations=86 (full 0):
 garbage-first heap   total 552960K, used 334682K [0x0000000080000000, 0x0000000100000000)
  region size 1024K, 7 young (7168K), 7 survivors (7168K)
 Metaspace       used 245074K, committed 248448K, reserved 1310720K
  class space    used 31340K, committed 33024K, reserved 1048576K
}
Event: 3780.185 GC heap before
{Heap before GC invocations=87 (full 0):
 garbage-first heap   total 552960K, used 464730K [0x0000000080000000, 0x0000000100000000)
  region size 1024K, 141 young (144384K), 7 survivors (7168K)
 Metaspace       used 239952K, committed 248448K, reserved 1310720K
  class space    used 30231K, committed 33024K, reserved 1048576K
}
Event: 3780.229 GC heap after
{Heap after GC invocations=88 (full 0):
 garbage-first heap   total 552960K, used 345088K [0x0000000080000000, 0x0000000100000000)
  region size 1024K, 18 young (18432K), 18 survivors (18432K)
 Metaspace       used 239952K, committed 248448K, reserved 1310720K
  class space    used 30231K, committed 33024K, reserved 1048576K
}
Event: 3783.669 GC heap before
{Heap before GC invocations=88 (full 0):
 garbage-first heap   total 552960K, used 471040K [0x0000000080000000, 0x0000000100000000)
  region size 1024K, 141 young (144384K), 18 survivors (18432K)
 Metaspace       used 245375K, committed 249024K, reserved 1310720K
  class space    used 30884K, committed 33088K, reserved 1048576K
}
Event: 3783.709 GC heap after
{Heap after GC invocations=89 (full 0):
 garbage-first heap   total 552960K, used 350583K [0x0000000080000000, 0x0000000100000000)
  region size 1024K, 12 young (12288K), 12 survivors (12288K)
 Metaspace       used 245375K, committed 249024K, reserved 1310720K
  class space    used 30884K, committed 33088K, reserved 1048576K
}
Event: 3861.668 GC heap before
{Heap before GC invocations=89 (full 0):
 garbage-first heap   total 552960K, used 501111K [0x0000000080000000, 0x0000000100000000)
  region size 1024K, 159 young (162816K), 12 survivors (12288K)
 Metaspace       used 248805K, committed 251520K, reserved 1310720K
  class space    used 31348K, committed 33088K, reserved 1048576K
}
Event: 3861.762 GC heap after
{Heap after GC invocations=90 (full 0):
 garbage-first heap   total 552960K, used 355150K [0x0000000080000000, 0x0000000100000000)
  region size 1024K, 20 young (20480K), 20 survivors (20480K)
 Metaspace       used 248805K, committed 251520K, reserved 1310720K
  class space    used 31348K, committed 33088K, reserved 1048576K
}
Event: 3865.406 GC heap before
{Heap before GC invocations=90 (full 0):
 garbage-first heap   total 552960K, used 495438K [0x0000000080000000, 0x0000000100000000)
  region size 1024K, 156 young (159744K), 20 survivors (20480K)
 Metaspace       used 257400K, committed 259328K, reserved 1310720K
  class space    used 32329K, committed 33280K, reserved 1048576K
}
Event: 3865.464 GC heap after
{Heap after GC invocations=91 (full 0):
 garbage-first heap   total 552960K, used 353792K [0x0000000080000000, 0x0000000100000000)
  region size 1024K, 10 young (10240K), 10 survivors (10240K)
 Metaspace       used 257400K, committed 259328K, reserved 1310720K
  class space    used 32329K, committed 33280K, reserved 1048576K
}
Event: 4539.349 GC heap before
{Heap before GC invocations=91 (full 0):
 garbage-first heap   total 552960K, used 507392K [0x0000000080000000, 0x0000000100000000)
  region size 1024K, 161 young (164864K), 10 survivors (10240K)
 Metaspace       used 266800K, committed 268864K, reserved 1310720K
  class space    used 33555K, committed 34560K, reserved 1048576K
}
Event: 4539.986 GC heap after
{Heap after GC invocations=92 (full 0):
 garbage-first heap   total 552960K, used 360692K [0x0000000080000000, 0x0000000100000000)
  region size 1024K, 21 young (21504K), 21 survivors (21504K)
 Metaspace       used 266800K, committed 268864K, reserved 1310720K
  class space    used 33555K, committed 34560K, reserved 1048576K
}
Event: 4540.005 GC heap before
{Heap before GC invocations=92 (full 0):
 garbage-first heap   total 552960K, used 366836K [0x0000000080000000, 0x0000000100000000)
  region size 1024K, 27 young (27648K), 21 survivors (21504K)
 Metaspace       used 266803K, committed 268864K, reserved 1310720K
  class space    used 33556K, committed 34560K, reserved 1048576K
}
Event: 4540.154 GC heap after
{Heap after GC invocations=93 (full 0):
 garbage-first heap   total 552960K, used 360061K [0x0000000080000000, 0x0000000100000000)
  region size 1024K, 3 young (3072K), 3 survivors (3072K)
 Metaspace       used 266803K, committed 268864K, reserved 1310720K
  class space    used 33556K, committed 34560K, reserved 1048576K
}
Event: 4541.482 GC heap before
{Heap before GC invocations=93 (full 0):
 garbage-first heap   total 552960K, used 449149K [0x0000000080000000, 0x0000000100000000)
  region size 1024K, 68 young (69632K), 3 survivors (3072K)
 Metaspace       used 266881K, committed 268928K, reserved 1310720K
  class space    used 33559K, committed 34560K, reserved 1048576K
}
Event: 4541.553 GC heap after
{Heap after GC invocations=94 (full 0):
 garbage-first heap   total 552960K, used 379392K [0x0000000080000000, 0x0000000100000000)
  region size 1024K, 9 young (9216K), 9 survivors (9216K)
 Metaspace       used 266881K, committed 268928K, reserved 1310720K
  class space    used 33559K, committed 34560K, reserved 1048576K
}
Event: 4541.808 GC heap before
{Heap before GC invocations=94 (full 0):
 garbage-first heap   total 552960K, used 413184K [0x0000000080000000, 0x0000000100000000)
  region size 1024K, 41 young (41984K), 9 survivors (9216K)
 Metaspace       used 266937K, committed 268992K, reserved 1310720K
  class space    used 33559K, committed 34560K, reserved 1048576K
}

