# JRE version: Java(TM) SE Runtime Environment (23.0.2+7) (build 23.0.2+7-58)
# Java VM: Java HotSpot(TM) 64-Bit Server VM (23.0.2+7-58, mixed mode, sharing, tiered, compressed oops, compressed class ptrs, g1 gc, windows-amd64)
GC Precious Log:
 CardTable entry size: 512
 Card Set container configuration: InlinePtr #cards 5 size 8 Array Of Cards #cards 10 size 36 Howl #buckets 4 coarsen threshold 1843 Howl Bitmap #cards 512 size 80 coarsen threshold 460 Card regions per heap region 1 cards per card region 2048
 CPUs: 8 total, 8 available
 Memory: 7914M
 Large Page Support: Disabled
 NUMA Support: Disabled
 Compressed Oops: Enabled (32-bit)
 Heap Region Size: 1M
 Heap Min Capacity: 8M
 Heap Initial Capacity: 124M
 Heap Max Capacity: 2G
 Pre-touch: Disabled
 Parallel Workers: 8
 Concurrent Workers: 2
 Concurrent Refinement Workers: 8
 Periodic GC: Disabled
Heap:
 garbage-first heap   total reserved 2097152K, committed 160768K, used 104579K [0x0000000080000000, 0x0000000100000000)
  region size 1024K, 7 young (7168K), 7 survivors (7168K)
 Metaspace       used 112479K, committed 114880K, reserved 1179648K
  class space    used 15195K, committed 16320K, reserved 1048576K
GC Heap History (20 events):
Event: 13.647 GC heap after
{Heap after GC invocations=23 (full 0):
 garbage-first heap   total reserved 2097152K, committed 144384K, used 71914K [0x0000000080000000, 0x0000000100000000)
  region size 1024K, 6 young (6144K), 6 survivors (6144K)
 Metaspace       used 78036K, committed 79872K, reserved 1179648K
  class space    used 10917K, committed 11776K, reserved 1048576K
}
Event: 14.502 GC heap before
{Heap before GC invocations=23 (full 0):
 garbage-first heap   total reserved 2097152K, committed 144384K, used 127210K [0x0000000080000000, 0x0000000100000000)
  region size 1024K, 60 young (61440K), 6 survivors (6144K)
 Metaspace       used 84474K, committed 86336K, reserved 1179648K
  class space    used 11601K, committed 12480K, reserved 1048576K
}
Event: 14.510 GC heap after
{Heap after GC invocations=24 (full 0):
 garbage-first heap   total reserved 2097152K, committed 144384K, used 76579K [0x0000000080000000, 0x0000000100000000)
  region size 1024K, 8 young (8192K), 8 survivors (8192K)
 Metaspace       used 84474K, committed 86336K, reserved 1179648K
  class space    used 11601K, committed 12480K, reserved 1048576K
}
Event: 15.322 GC heap before
{Heap before GC invocations=25 (full 0):
 garbage-first heap   total reserved 2097152K, committed 144384K, used 126755K [0x0000000080000000, 0x0000000100000000)
  region size 1024K, 58 young (59392K), 8 survivors (8192K)
 Metaspace       used 92391K, committed 94272K, reserved 1179648K
  class space    used 12474K, committed 13376K, reserved 1048576K
}
Event: 15.330 GC heap after
{Heap after GC invocations=26 (full 0):
 garbage-first heap   total reserved 2097152K, committed 144384K, used 78460K [0x0000000080000000, 0x0000000100000000)
  region size 1024K, 3 young (3072K), 3 survivors (3072K)
 Metaspace       used 92391K, committed 94272K, reserved 1179648K
  class space    used 12474K, committed 13376K, reserved 1048576K
}
Event: 16.454 GC heap before
{Heap before GC invocations=26 (full 0):
 garbage-first heap   total reserved 2097152K, committed 144384K, used 130684K [0x0000000080000000, 0x0000000100000000)
  region size 1024K, 54 young (55296K), 3 survivors (3072K)
 Metaspace       used 99432K, committed 101568K, reserved 1179648K
  class space    used 13354K, committed 14336K, reserved 1048576K
}
Event: 16.460 GC heap after
{Heap after GC invocations=27 (full 0):
 garbage-first heap   total reserved 2097152K, committed 144384K, used 80539K [0x0000000080000000, 0x0000000100000000)
  region size 1024K, 5 young (5120K), 5 survivors (5120K)
 Metaspace       used 99432K, committed 101568K, reserved 1179648K
  class space    used 13354K, committed 14336K, reserved 1048576K
}
Event: 16.899 GC heap before
{Heap before GC invocations=27 (full 0):
 garbage-first heap   total reserved 2097152K, committed 144384K, used 114331K [0x0000000080000000, 0x0000000100000000)
  region size 1024K, 39 young (39936K), 5 survivors (5120K)
 Metaspace       used 101296K, committed 103424K, reserved 1179648K
  class space    used 13648K, committed 14656K, reserved 1048576K
}
Event: 16.908 GC heap after
{Heap after GC invocations=28 (full 0):
 garbage-first heap   total reserved 2097152K, committed 144384K, used 84942K [0x0000000080000000, 0x0000000100000000)
  region size 1024K, 7 young (7168K), 7 survivors (7168K)
 Metaspace       used 101296K, committed 103424K, reserved 1179648K
  class space    used 13648K, committed 14656K, reserved 1048576K
}
Event: 17.211 GC heap before
{Heap before GC invocations=29 (full 0):
 garbage-first heap   total reserved 2097152K, committed 144384K, used 129998K [0x0000000080000000, 0x0000000100000000)
  region size 1024K, 50 young (51200K), 7 survivors (7168K)
 Metaspace       used 101437K, committed 103552K, reserved 1179648K
  class space    used 13648K, committed 14656K, reserved 1048576K
}
Event: 17.220 GC heap after
{Heap after GC invocations=30 (full 0):
 garbage-first heap   total reserved 2097152K, committed 144384K, used 88943K [0x0000000080000000, 0x0000000100000000)
  region size 1024K, 5 young (5120K), 5 survivors (5120K)
 Metaspace       used 101437K, committed 103552K, reserved 1179648K
  class space    used 13648K, committed 14656K, reserved 1048576K
}
Event: 18.251 GC heap before
{Heap before GC invocations=30 (full 0):
 garbage-first heap   total reserved 2097152K, committed 144384K, used 129903K [0x0000000080000000, 0x0000000100000000)
  region size 1024K, 45 young (46080K), 5 survivors (5120K)
 Metaspace       used 105037K, committed 107200K, reserved 1179648K
  class space    used 14108K, committed 15104K, reserved 1048576K
}
Event: 18.261 GC heap after
{Heap after GC invocations=31 (full 0):
 garbage-first heap   total reserved 2097152K, committed 144384K, used 92153K [0x0000000080000000, 0x0000000100000000)
  region size 1024K, 5 young (5120K), 5 survivors (5120K)
 Metaspace       used 105037K, committed 107200K, reserved 1179648K
  class space    used 14108K, committed 15104K, reserved 1048576K
}
Event: 18.945 GC heap before
{Heap before GC invocations=31 (full 0):
 garbage-first heap   total reserved 2097152K, committed 144384K, used 129017K [0x0000000080000000, 0x0000000100000000)
  region size 1024K, 42 young (43008K), 5 survivors (5120K)
 Metaspace       used 109143K, committed 111552K, reserved 1179648K
  class space    used 14800K, committed 15936K, reserved 1048576K
}
Event: 18.953 GC heap after
{Heap after GC invocations=32 (full 0):
 garbage-first heap   total reserved 2097152K, committed 144384K, used 95451K [0x0000000080000000, 0x0000000100000000)
  region size 1024K, 3 young (3072K), 3 survivors (3072K)
 Metaspace       used 109143K, committed 111552K, reserved 1179648K
  class space    used 14800K, committed 15936K, reserved 1048576K
}
Event: 19.112 GC heap before
{Heap before GC invocations=33 (full 0):
 garbage-first heap   total reserved 2097152K, committed 160768K, used 132315K [0x0000000080000000, 0x0000000100000000)
  region size 1024K, 38 young (38912K), 3 survivors (3072K)
 Metaspace       used 109235K, committed 111616K, reserved 1179648K
  class space    used 14800K, committed 15936K, reserved 1048576K
}
Event: 19.118 GC heap after
{Heap after GC invocations=34 (full 0):
 garbage-first heap   total reserved 2097152K, committed 160768K, used 100881K [0x0000000080000000, 0x0000000100000000)
  region size 1024K, 5 young (5120K), 5 survivors (5120K)
 Metaspace       used 109235K, committed 111616K, reserved 1179648K
  class space    used 14800K, committed 15936K, reserved 1048576K
}
Event: 19.665 GC heap before
{Heap before GC invocations=34 (full 0):
 garbage-first heap   total reserved 2097152K, committed 160768K, used 145937K [0x0000000080000000, 0x0000000100000000)
  region size 1024K, 49 young (50176K), 5 survivors (5120K)
 Metaspace       used 110985K, committed 113280K, reserved 1179648K
  class space    used 15003K, committed 16064K, reserved 1048576K
}
Event: 19.676 GC heap after
{Heap after GC invocations=35 (full 0):
 garbage-first heap   total reserved 2097152K, committed 160768K, used 97570K [0x0000000080000000, 0x0000000100000000)
  region size 1024K, 6 young (6144K), 6 survivors (6144K)
 Metaspace       used 110985K, committed 113280K, reserved 1179648K
  class space    used 15003K, committed 16064K, reserved 1048576K
}
Event: 20.640 GC heap before
{Heap before GC invocations=35 (full 0):
 garbage-first heap   total reserved 2097152K, committed 160768K, used 142626K [0x0000000080000000, 0x0000000100000000)
  region size 1024K, 51 young (52224K), 6 survivors (6144K)
 Metaspace       used 112479K, committed 114880K, reserved 1179648K
  class space    used 15195K, committed 16320K, reserved 1048576K
}

